<?xml version="1.0" encoding="UTF-8"?>
<!-- Generated by org.testng.reporters.JUnitReportReporter -->
<testsuite hostname="BIT-CHITTA-DAS" name="Tests.TC002" tests="3" failures="0" timestamp="26 Oct 2021 02:24:20 GMT" time="0.014" errors="0">
  <testcase name="TC002_2" time="0.006" classname="Tests.TC002"/>
  <testcase name="TC002_3" time="0.007" classname="Tests.TC002"/>
  <testcase name="TC002_1" time="0.001" classname="Tests.TC002"/>
</testsuite> <!-- Tests.TC002 -->
