<?xml version="1.0" encoding="UTF-8"?>
<!-- Generated by org.testng.reporters.JUnitReportReporter -->
<testsuite hostname="BIT-CHITTA-DAS" name="Tests.TC004" tests="1" failures="0" timestamp="26 Oct 2021 15:31:43 GMT" time="43.565" errors="0">
  <testcase name="TC004_1" time="43.565" classname="Tests.TC004"/>
</testsuite> <!-- Tests.TC004 -->
