<?xml version="1.0" encoding="UTF-8"?>
<!-- Generated by org.testng.reporters.JUnitReportReporter -->
<testsuite hostname="BIT-CHITTA-DAS" name="Tests.TC001" tests="3" failures="0" timestamp="26 Oct 2021 02:24:20 GMT" time="0.009" errors="0">
  <testcase name="TC001_2" time="0.004" classname="Tests.TC001"/>
  <testcase name="TC001_1" time="0.002" classname="Tests.TC001"/>
  <testcase name="TC001_3" time="0.003" classname="Tests.TC001"/>
</testsuite> <!-- Tests.TC001 -->
