<?xml version="1.0" encoding="UTF-8"?>
<!-- Generated by org.testng.reporters.JUnitReportReporter -->
<testsuite hostname="BIT-CHITTA-DAS" name="TC.TC002" tests="1" failures="0" timestamp="25 Oct 2021 16:26:28 GMT" time="0.030" errors="0">
  <testcase name="TC0002_01" time="0.030" classname="TC.TC002"/>
</testsuite> <!-- TC.TC002 -->
