<?xml version="1.0" encoding="UTF-8"?>
<!-- Generated by org.testng.reporters.JUnitReportReporter -->
<testsuite hostname="BIT-CHITTA-DAS" name="TC.TC002" tests="1" failures="0" timestamp="26 Oct 2021 16:20:48 GMT" time="0.036" errors="0">
  <testcase name="TC0002_01" time="0.036" classname="TC.TC002"/>
</testsuite> <!-- TC.TC002 -->
