<?xml version="1.0" encoding="UTF-8"?>
<!-- Generated by org.testng.reporters.JUnitReportReporter -->
<testsuite hostname="BIT-CHITTA-DAS" name="Tests.TC003" tests="3" failures="0" timestamp="25 Oct 2021 16:40:37 GMT" time="0.048" errors="0">
  <testcase name="TC003_2" time="0.006" classname="Tests.TC003"/>
  <testcase name="TC003_1" time="0.037" classname="Tests.TC003"/>
  <testcase name="TC003_3" time="0.005" classname="Tests.TC003"/>
</testsuite> <!-- Tests.TC003 -->
