<?xml version="1.0" encoding="UTF-8"?>
<!-- Generated by org.testng.reporters.JUnitReportReporter -->
<testsuite hostname="BIT-CHITTA-DAS" name="Tests.TC005" tests="3" failures="0" timestamp="26 Oct 2021 15:56:53 GMT" time="18.843" errors="0">
  <testcase name="TC005_1" time="18.825" classname="Tests.TC005"/>
  <testcase name="TC005_3" time="0.003" classname="Tests.TC005"/>
  <testcase name="TC005_2" time="0.015" classname="Tests.TC005"/>
</testsuite> <!-- Tests.TC005 -->
